<?xml version="1.0" encoding="UTF-8"?>
<testsuite xmlns:xsi="http://www.w3.org/2001/XMLSchema-instance" xsi:noNamespaceSchemaLocation="https://maven.apache.org/surefire/maven-surefire-plugin/xsd/surefire-test-report.xsd" name="com.gxa.boot338.redis.RedisTemplateTest" time="3.869" tests="2" errors="0" skipped="0" failures="0">
  <properties>
[...]
</properties>
  <testcase name="testWrite" classname="com.gxa.boot338.redis.RedisTemplateTest" time="1.305"/>
  <testcase name="testRead" classname="com.gxa.boot338.redis.RedisTemplateTest" time="0.065"/>
</testsuite>